*******************************************************************
* Genome-wide Complex Trait Analysis (GCTA)
* version 1.93.2 beta Linux
* (C) 2010-present, Jian Yang, The University of Queensland
* Please report bugs to Jian Yang <jian.yang.qt@gmail.com>
*******************************************************************
Analysis started at 15:02:16 EST on Wed Nov 04 2020.
Hostname: p02r09n11

Accepted options:
Error: 
  invalid option "--bgen".

An error occurs, please check the options or data
*******************************************************************
* Genome-wide Complex Trait Analysis (GCTA)
* version 1.93.2 beta Linux
* (C) 2010-present, Jian Yang, The University of Queensland
* Please report bugs to Jian Yang <jian.yang.qt@gmail.com>
*******************************************************************
Analysis started at 15:34:29 EST on Wed Nov 04 2020.
Hostname: p02r09n11

Error: --bfile /gpfs/gibbs/pi/dewan/data/UKBiobank/MWE/genotypes.bed.fam not found
An error occurs, please check the options or data
*******************************************************************
* Genome-wide Complex Trait Analysis (GCTA)
* version 1.93.2 beta Linux
* (C) 2010-present, Jian Yang, The University of Queensland
* Please report bugs to Jian Yang <jian.yang.qt@gmail.com>
*******************************************************************
Analysis started at 15:36:42 EST on Wed Nov 04 2020.
Hostname: p02r09n11

Accepted options:
--bfile /gpfs/gibbs/pi/dewan/data/UKBiobank/MWE/genotypes
--autosome
--maf 0.001
--cojo-file output/phenotypes_BMI.fastGWA.gcta_cojo.snp_stats.gz--cojo-slct
Error: can not open the file [output/phenotypes_BMI.fastGWA.gcta_cojo.snp_stats.gz--cojo-slct] to read.
An error occurs, please check the options or data
*******************************************************************
* Genome-wide Complex Trait Analysis (GCTA)
* version 1.93.2 beta Linux
* (C) 2010-present, Jian Yang, The University of Queensland
* Please report bugs to Jian Yang <jian.yang.qt@gmail.com>
*******************************************************************
Analysis started at 15:38:09 EST on Wed Nov 04 2020.
Hostname: p02r09n11

Accepted options:
--bfile /gpfs/gibbs/pi/dewan/data/UKBiobank/MWE/genotypes
--autosome
--maf 0.001
--cojo-file output/phenotypes_BMI.fastGWA.gcta_cojo.snp_stats.gz--cojo-slct
Error: can not open the file [output/phenotypes_BMI.fastGWA.gcta_cojo.snp_stats.gz--cojo-slct] to read.
An error occurs, please check the options or data
*******************************************************************
* Genome-wide Complex Trait Analysis (GCTA)
* version 1.93.2 beta Linux
* (C) 2010-present, Jian Yang, The University of Queensland
* Please report bugs to Jian Yang <jian.yang.qt@gmail.com>
*******************************************************************
Analysis started at 15:38:56 EST on Wed Nov 04 2020.
Hostname: p02r09n11

Accepted options:
--bfile /gpfs/gibbs/pi/dewan/data/UKBiobank/MWE/genotypes
--autosome
--maf 0.001
--cojo-file output/phenotypes_BMI.fastGWA.gcta_cojo.snp_stats.gz--cojo-slct
Error: can not open the file [output/phenotypes_BMI.fastGWA.gcta_cojo.snp_stats.gz--cojo-slct] to read.
An error occurs, please check the options or data
*******************************************************************
* Genome-wide Complex Trait Analysis (GCTA)
* version 1.93.2 beta Linux
* (C) 2010-present, Jian Yang, The University of Queensland
* Please report bugs to Jian Yang <jian.yang.qt@gmail.com>
*******************************************************************
Analysis started at 15:41:39 EST on Wed Nov 04 2020.
Hostname: p02r09n11

Accepted options:
--bfile /gpfs/gibbs/pi/dewan/data/UKBiobank/MWE/genotypes
--autosome
--maf 0.001
--cojo-file output/phenotypes_BMI.fastGWA.gcta_cojo.snp_stats--cojo-slct
Error: can not open the file [output/phenotypes_BMI.fastGWA.gcta_cojo.snp_stats--cojo-slct] to read.
An error occurs, please check the options or data
*******************************************************************
* Genome-wide Complex Trait Analysis (GCTA)
* version 1.93.2 beta Linux
* (C) 2010-present, Jian Yang, The University of Queensland
* Please report bugs to Jian Yang <jian.yang.qt@gmail.com>
*******************************************************************
Analysis started at 15:43:00 EST on Wed Nov 04 2020.
Hostname: p02r09n11

Accepted options:
--bfile /gpfs/gibbs/pi/dewan/data/UKBiobank/MWE/genotypes
--autosome
--maf 0.001
--cojo-file output/phenotypes_BMI.fastGWA.gcta_cojo.snp_stats
Error: can not open the file [output/phenotypes_BMI.fastGWA.gcta_cojo.snp_stats] to read.
An error occurs, please check the options or data
*******************************************************************
* Genome-wide Complex Trait Analysis (GCTA)
* version 1.93.2 beta Linux
* (C) 2010-present, Jian Yang, The University of Queensland
* Please report bugs to Jian Yang <jian.yang.qt@gmail.com>
*******************************************************************
Analysis started at 16:00:57 EST on Wed Nov 04 2020.
Hostname: p02r09n11

Accepted options:
--bfile /gpfs/gibbs/pi/dewan/data/UKBiobank/MWE/genotypes21_22
--autosome
--maf 0.001
--cojo-file output/phenotypes_BMI.fastGWA.gcta_cojo.snp_stats
--cojo-slct
--out output/phenotypes_BMI.fastGWA.cojo_slct


Reading PLINK FAM file from [/gpfs/gibbs/pi/dewan/data/UKBiobank/MWE/genotypes21_22.fam].
100 individuals to be included from [/gpfs/gibbs/pi/dewan/data/UKBiobank/MWE/genotypes21_22.fam].
Reading PLINK BIM file from [/gpfs/gibbs/pi/dewan/data/UKBiobank/MWE/genotypes21_22.bim].
16577 SNPs to be included from [/gpfs/gibbs/pi/dewan/data/UKBiobank/MWE/genotypes21_22.bim].
16577 SNPs from chromosome 1 to chromosome 22 are included in the analysis.
Reading PLINK BED file from [/gpfs/gibbs/pi/dewan/data/UKBiobank/MWE/genotypes21_22.bed] in SNP-major format ...
Genotype data for 100 individuals and 16577 SNPs to be included from [/gpfs/gibbs/pi/dewan/data/UKBiobank/MWE/genotypes21_22.bed].
Calculating allele frequencies ...
Filtering SNPs with MAF > 0.001 ...
After filtering SNPs with MAF > 0.001, there are 16455 SNPs (122 SNPs with MAF < 0.001).

Reading GWAS summary-level statistics from [output/phenotypes_BMI.fastGWA.gcta_cojo.snp_stats] ...
Error: invalid sample size in line:
"rs79945276				2.68473	1.2971700000000002	0.0384816	"
An error occurs, please check the options or data
*******************************************************************
* Genome-wide Complex Trait Analysis (GCTA)
* version 1.93.2 beta Linux
* (C) 2010-present, Jian Yang, The University of Queensland
* Please report bugs to Jian Yang <jian.yang.qt@gmail.com>
*******************************************************************
Analysis started at 16:53:29 EST on Wed Nov 04 2020.
Hostname: p02r09n11

Accepted options:
--bfile /gpfs/gibbs/pi/dewan/data/UKBiobank/MWE/genotypes21_22
--autosome
--maf 0.001
--cojo-file output/phenotypes_BMI.fastGWA.gcta_cojo.snp_stats
--cojo-slct
--out output/phenotypes_BMI.fastGWA.cojo_slct


Reading PLINK FAM file from [/gpfs/gibbs/pi/dewan/data/UKBiobank/MWE/genotypes21_22.fam].
100 individuals to be included from [/gpfs/gibbs/pi/dewan/data/UKBiobank/MWE/genotypes21_22.fam].
Reading PLINK BIM file from [/gpfs/gibbs/pi/dewan/data/UKBiobank/MWE/genotypes21_22.bim].
16577 SNPs to be included from [/gpfs/gibbs/pi/dewan/data/UKBiobank/MWE/genotypes21_22.bim].
16577 SNPs from chromosome 1 to chromosome 22 are included in the analysis.
Reading PLINK BED file from [/gpfs/gibbs/pi/dewan/data/UKBiobank/MWE/genotypes21_22.bed] in SNP-major format ...
Genotype data for 100 individuals and 16577 SNPs to be included from [/gpfs/gibbs/pi/dewan/data/UKBiobank/MWE/genotypes21_22.bed].
Calculating allele frequencies ...
Filtering SNPs with MAF > 0.001 ...
After filtering SNPs with MAF > 0.001, there are 16455 SNPs (122 SNPs with MAF < 0.001).

Reading GWAS summary-level statistics from [output/phenotypes_BMI.fastGWA.gcta_cojo.snp_stats] ...
Error: invalid sample size in line:
"rs79945276				2.68473	1.2971700000000002	0.0384816	"
An error occurs, please check the options or data
*******************************************************************
* Genome-wide Complex Trait Analysis (GCTA)
* version 1.93.2 beta Linux
* (C) 2010-present, Jian Yang, The University of Queensland
* Please report bugs to Jian Yang <jian.yang.qt@gmail.com>
*******************************************************************
Analysis started at 17:01:28 EST on Wed Nov 04 2020.
Hostname: p02r09n11

Accepted options:
--bfile /gpfs/gibbs/pi/dewan/data/UKBiobank/MWE/genotypes
--autosome
--maf 0.001
--cojo-file output/phenotypes_BMI.fastGWA.gcta_cojo.snp_stats
--cojo-slct
--out output/phenotypes_BMI.fastGWA.cojo_slct


Reading PLINK FAM file from [/gpfs/gibbs/pi/dewan/data/UKBiobank/MWE/genotypes.fam].
100 individuals to be included from [/gpfs/gibbs/pi/dewan/data/UKBiobank/MWE/genotypes.fam].
Reading PLINK BIM file from [/gpfs/gibbs/pi/dewan/data/UKBiobank/MWE/genotypes.bim].
529024 SNPs to be included from [/gpfs/gibbs/pi/dewan/data/UKBiobank/MWE/genotypes.bim].
529024 SNPs from chromosome 1 to chromosome 22 are included in the analysis.
Reading PLINK BED file from [/gpfs/gibbs/pi/dewan/data/UKBiobank/MWE/genotypes.bed] in SNP-major format ...
Genotype data for 100 individuals and 529024 SNPs to be included from [/gpfs/gibbs/pi/dewan/data/UKBiobank/MWE/genotypes.bed].
Calculating allele frequencies ...
Filtering SNPs with MAF > 0.001 ...
After filtering SNPs with MAF > 0.001, there are 524444 SNPs (4580 SNPs with MAF < 0.001).

Reading GWAS summary-level statistics from [output/phenotypes_BMI.fastGWA.gcta_cojo.snp_stats] ...
GWAS summary statistics of 45 SNPs read from [output/phenotypes_BMI.fastGWA.gcta_cojo.snp_stats].
Phenotypic variance estimated from summary statistics of all 45 SNPs: 20.7081 (variance of logit for case-control studies).
Matching the GWAS meta-analysis results to the genotype data ...
1 SNPs are matched to the genotype data.
Calculating the variance of SNP genotypes ...

Performing stepwise model selection on 1 SNPs to select association signals ... (p cutoff = 5e-08; collinearity cutoff = 0.9)
(Assuming complete linkage equilibrium between SNPs which are more than 10Mb away from each other)
No SNPs have been selected.

Analysis finished at 17:01:32 EST on Wed Nov 04 2020
Overall computational time: 3.98 sec.
*******************************************************************
* Genome-wide Complex Trait Analysis (GCTA)
* version 1.93.2 beta Linux
* (C) 2010-present, Jian Yang, The University of Queensland
* Please report bugs to Jian Yang <jian.yang.qt@gmail.com>
*******************************************************************
Analysis started at 17:02:30 EST on Wed Nov 04 2020.
Hostname: p02r09n11

Accepted options:
--bfile /gpfs/gibbs/pi/dewan/data/UKBiobank/MWE/genotypes
--autosome
--maf 0.001
--cojo-file output/phenotypes_BMI.fastGWA.gcta_cojo.snp_stats
--cojo-slct
--out output/phenotypes_BMI.fastGWA.cojo_slct


Reading PLINK FAM file from [/gpfs/gibbs/pi/dewan/data/UKBiobank/MWE/genotypes.fam].
100 individuals to be included from [/gpfs/gibbs/pi/dewan/data/UKBiobank/MWE/genotypes.fam].
Reading PLINK BIM file from [/gpfs/gibbs/pi/dewan/data/UKBiobank/MWE/genotypes.bim].
529024 SNPs to be included from [/gpfs/gibbs/pi/dewan/data/UKBiobank/MWE/genotypes.bim].
529024 SNPs from chromosome 1 to chromosome 22 are included in the analysis.
Reading PLINK BED file from [/gpfs/gibbs/pi/dewan/data/UKBiobank/MWE/genotypes.bed] in SNP-major format ...
Genotype data for 100 individuals and 529024 SNPs to be included from [/gpfs/gibbs/pi/dewan/data/UKBiobank/MWE/genotypes.bed].
Calculating allele frequencies ...
Filtering SNPs with MAF > 0.001 ...
After filtering SNPs with MAF > 0.001, there are 524444 SNPs (4580 SNPs with MAF < 0.001).

Reading GWAS summary-level statistics from [output/phenotypes_BMI.fastGWA.gcta_cojo.snp_stats] ...
GWAS summary statistics of 45 SNPs read from [output/phenotypes_BMI.fastGWA.gcta_cojo.snp_stats].
Phenotypic variance estimated from summary statistics of all 45 SNPs: 20.7081 (variance of logit for case-control studies).
Matching the GWAS meta-analysis results to the genotype data ...
1 SNPs are matched to the genotype data.
Calculating the variance of SNP genotypes ...

Performing stepwise model selection on 1 SNPs to select association signals ... (p cutoff = 5e-08; collinearity cutoff = 0.9)
(Assuming complete linkage equilibrium between SNPs which are more than 10Mb away from each other)
No SNPs have been selected.

Analysis finished at 17:02:34 EST on Wed Nov 04 2020
Overall computational time: 3.92 sec.
*******************************************************************
* Genome-wide Complex Trait Analysis (GCTA)
* version 1.93.2 beta Linux
* (C) 2010-present, Jian Yang, The University of Queensland
* Please report bugs to Jian Yang <jian.yang.qt@gmail.com>
*******************************************************************
Analysis started at 17:04:57 EST on Wed Nov 04 2020.
Hostname: p02r09n11

Accepted options:
--bfile /gpfs/gibbs/pi/dewan/data/UKBiobank/MWE/genotypes
--autosome
--maf 0.1
--cojo-file output/phenotypes_BMI.fastGWA.gcta_cojo.snp_stats
--cojo-slct
--out output/phenotypes_BMI.fastGWA.cojo_slct


Reading PLINK FAM file from [/gpfs/gibbs/pi/dewan/data/UKBiobank/MWE/genotypes.fam].
100 individuals to be included from [/gpfs/gibbs/pi/dewan/data/UKBiobank/MWE/genotypes.fam].
Reading PLINK BIM file from [/gpfs/gibbs/pi/dewan/data/UKBiobank/MWE/genotypes.bim].
529024 SNPs to be included from [/gpfs/gibbs/pi/dewan/data/UKBiobank/MWE/genotypes.bim].
529024 SNPs from chromosome 1 to chromosome 22 are included in the analysis.
Reading PLINK BED file from [/gpfs/gibbs/pi/dewan/data/UKBiobank/MWE/genotypes.bed] in SNP-major format ...
Genotype data for 100 individuals and 529024 SNPs to be included from [/gpfs/gibbs/pi/dewan/data/UKBiobank/MWE/genotypes.bed].
Calculating allele frequencies ...
Filtering SNPs with MAF > 0.1 ...
After filtering SNPs with MAF > 0.1, there are 232645 SNPs (296379 SNPs with MAF < 0.1).

Reading GWAS summary-level statistics from [output/phenotypes_BMI.fastGWA.gcta_cojo.snp_stats] ...
GWAS summary statistics of 45 SNPs read from [output/phenotypes_BMI.fastGWA.gcta_cojo.snp_stats].
Phenotypic variance estimated from summary statistics of all 45 SNPs: 20.7081 (variance of logit for case-control studies).
Matching the GWAS meta-analysis results to the genotype data ...
Error: all the SNPs in the GWAS meta-analysis results can't be found in the genotype data.
An error occurs, please check the options or data
